app/build/intermediates/manifest_merge_blame_file/debug/processDebugMainManifest/manifest-merger-blame-debug-report.txt
1<?xml version="1.0" encoding="utf-8"?>
2<manifest xmlns:android="http://schemas.android.com/apk/res/android"
3    package="com.android.paytmclone"
4    android:versionCode="1"
5    android:versionName="1.0" >
6
7    <uses-sdk
8        android:minSdkVersion="24"
9        android:targetSdkVersion="34" />
10
11    <permission
11-->[androidx.core:core:1.13.1] AndroidManifest.xml:22:5-24:47
12        android:name="com.android.paytmclone.DYNAMIC_RECEIVER_NOT_EXPORTED_PERMISSION"
12-->[androidx.core:core:1.13.1] AndroidManifest.xml:23:9-81
13        android:protectionLevel="signature" />
13-->[androidx.core:core:1.13.1] AndroidManifest.xml:24:9-44
14
15    <uses-permission android:name="com.android.paytmclone.DYNAMIC_RECEIVER_NOT_EXPORTED_PERMISSION" />
15-->[androidx.core:core:1.13.1] AndroidManifest.xml:26:5-97
15-->[androidx.core:core:1.13.1] AndroidManifest.xml:26:22-94
16    <uses-permission android:name="android.permission.CAMERA" /> <!-- Don't require camera, as this requires a rear camera. This allows it to work on the Nexus 7 -->
16-->[com.journeyapps:zxing-android-embedded:4.3.0] AndroidManifest.xml:22:5-65
16-->[com.journeyapps:zxing-android-embedded:4.3.0] AndroidManifest.xml:22:22-62
17    <uses-feature
17-->[com.journeyapps:zxing-android-embedded:4.3.0] AndroidManifest.xml:25:5-27:36
18        android:name="android.hardware.camera"
18-->[com.journeyapps:zxing-android-embedded:4.3.0] AndroidManifest.xml:26:9-47
19        android:required="false" />
19-->[com.journeyapps:zxing-android-embedded:4.3.0] AndroidManifest.xml:27:9-33
20    <uses-feature
20-->[com.journeyapps:zxing-android-embedded:4.3.0] AndroidManifest.xml:28:5-30:36
21        android:name="android.hardware.camera.front"
21-->[com.journeyapps:zxing-android-embedded:4.3.0] AndroidManifest.xml:29:9-53
22        android:required="false" /> <!-- TODO replace above two with next line after Android 4.2 -->
22-->[com.journeyapps:zxing-android-embedded:4.3.0] AndroidManifest.xml:30:9-33
23    <!-- <uses-feature android:name="android.hardware.camera.any"/> -->
24    <uses-feature
24-->[com.journeyapps:zxing-android-embedded:4.3.0] AndroidManifest.xml:33:5-35:36
25        android:name="android.hardware.camera.autofocus"
25-->[com.journeyapps:zxing-android-embedded:4.3.0] AndroidManifest.xml:34:9-57
26        android:required="false" />
26-->[com.journeyapps:zxing-android-embedded:4.3.0] AndroidManifest.xml:35:9-33
27    <uses-feature
27-->[com.journeyapps:zxing-android-embedded:4.3.0] AndroidManifest.xml:36:5-38:36
28        android:name="android.hardware.camera.flash"
28-->[com.journeyapps:zxing-android-embedded:4.3.0] AndroidManifest.xml:37:9-53
29        android:required="false" />
29-->[com.journeyapps:zxing-android-embedded:4.3.0] AndroidManifest.xml:38:9-33
30    <uses-feature
30-->[com.journeyapps:zxing-android-embedded:4.3.0] AndroidManifest.xml:39:5-41:36
31        android:name="android.hardware.screen.landscape"
31-->[com.journeyapps:zxing-android-embedded:4.3.0] AndroidManifest.xml:40:9-57
32        android:required="false" />
32-->[com.journeyapps:zxing-android-embedded:4.3.0] AndroidManifest.xml:41:9-33
33    <uses-feature
33-->[com.journeyapps:zxing-android-embedded:4.3.0] AndroidManifest.xml:42:5-44:36
34        android:name="android.hardware.wifi"
34-->[com.journeyapps:zxing-android-embedded:4.3.0] AndroidManifest.xml:43:9-45
35        android:required="false" />
35-->[com.journeyapps:zxing-android-embedded:4.3.0] AndroidManifest.xml:44:9-33
36
37    <application
37-->src\main\AndroidManifest.xml:5:5-45:19
38        android:allowBackup="true"
38-->src\main\AndroidManifest.xml:6:9-35
39        android:appComponentFactory="androidx.core.app.CoreComponentFactory"
39-->[androidx.core:core:1.13.1] AndroidManifest.xml:28:18-86
40        android:dataExtractionRules="@xml/data_extraction_rules"
40-->src\main\AndroidManifest.xml:7:9-65
41        android:debuggable="true"
42        android:extractNativeLibs="false"
43        android:fullBackupContent="@xml/backup_rules"
43-->src\main\AndroidManifest.xml:8:9-54
44        android:icon="@mipmap/ic_launcher"
44-->src\main\AndroidManifest.xml:9:9-43
45        android:label="@string/app_name"
45-->src\main\AndroidManifest.xml:10:9-41
46        android:roundIcon="@mipmap/ic_launcher_round"
46-->src\main\AndroidManifest.xml:11:9-54
47        android:supportsRtl="true"
47-->src\main\AndroidManifest.xml:12:9-35
48        android:testOnly="true"
49        android:theme="@style/Theme.PaytmClone" >
49-->src\main\AndroidManifest.xml:13:9-48
50        <activity
50-->src\main\AndroidManifest.xml:15:9-25:20
51            android:name="com.android.paytmclone.SplashActivity"
51-->src\main\AndroidManifest.xml:16:13-43
52            android:exported="true" >
52-->src\main\AndroidManifest.xml:17:13-36
53            <intent-filter>
53-->src\main\AndroidManifest.xml:19:13-23:29
54                <action android:name="android.intent.action.MAIN" />
54-->src\main\AndroidManifest.xml:20:17-69
54-->src\main\AndroidManifest.xml:20:25-66
55
56                <category android:name="android.intent.category.LAUNCHER" />
56-->src\main\AndroidManifest.xml:22:17-77
56-->src\main\AndroidManifest.xml:22:27-74
57            </intent-filter>
58        </activity>
59        <activity
59-->src\main\AndroidManifest.xml:26:9-28:40
60            android:name="com.android.paytmclone.PaymentResultActivity"
60-->src\main\AndroidManifest.xml:27:13-50
61            android:exported="false" />
61-->src\main\AndroidManifest.xml:28:13-37
62        <activity
62-->src\main\AndroidManifest.xml:29:9-31:40
63            android:name="com.android.paytmclone.UpiActivity"
63-->src\main\AndroidManifest.xml:30:13-40
64            android:exported="false" />
64-->src\main\AndroidManifest.xml:31:13-37
65        <activity
65-->src\main\AndroidManifest.xml:32:9-36:20
66            android:name="com.android.paytmclone.PaymentActivity"
66-->src\main\AndroidManifest.xml:33:13-44
67            android:exported="false"
67-->src\main\AndroidManifest.xml:34:13-37
68            android:windowSoftInputMode="adjustResize" >
68-->src\main\AndroidManifest.xml:35:13-55
69        </activity>
70        <activity
70-->src\main\AndroidManifest.xml:37:9-40:58
71            android:name="com.android.paytmclone.ScannerActivity"
71-->src\main\AndroidManifest.xml:38:13-44
72            android:exported="false"
72-->src\main\AndroidManifest.xml:39:13-37
73            android:windowSoftInputMode="adjustResize" />
73-->src\main\AndroidManifest.xml:40:13-55
74        <activity
74-->src\main\AndroidManifest.xml:41:9-44:20
75            android:name="com.android.paytmclone.MainActivity"
75-->src\main\AndroidManifest.xml:42:13-41
76            android:exported="false" >
76-->src\main\AndroidManifest.xml:43:13-37
77        </activity>
78
79        <provider
79-->[androidx.emoji2:emoji2:1.3.0] AndroidManifest.xml:24:9-32:20
80            android:name="androidx.startup.InitializationProvider"
80-->[androidx.emoji2:emoji2:1.3.0] AndroidManifest.xml:25:13-67
81            android:authorities="com.android.paytmclone.androidx-startup"
81-->[androidx.emoji2:emoji2:1.3.0] AndroidManifest.xml:26:13-68
82            android:exported="false" >
82-->[androidx.emoji2:emoji2:1.3.0] AndroidManifest.xml:27:13-37
83            <meta-data
83-->[androidx.emoji2:emoji2:1.3.0] AndroidManifest.xml:29:13-31:52
84                android:name="androidx.emoji2.text.EmojiCompatInitializer"
84-->[androidx.emoji2:emoji2:1.3.0] AndroidManifest.xml:30:17-75
85                android:value="androidx.startup" />
85-->[androidx.emoji2:emoji2:1.3.0] AndroidManifest.xml:31:17-49
86            <meta-data
86-->[androidx.lifecycle:lifecycle-process:2.6.2] AndroidManifest.xml:29:13-31:52
87                android:name="androidx.lifecycle.ProcessLifecycleInitializer"
87-->[androidx.lifecycle:lifecycle-process:2.6.2] AndroidManifest.xml:30:17-78
88                android:value="androidx.startup" />
88-->[androidx.lifecycle:lifecycle-process:2.6.2] AndroidManifest.xml:31:17-49
89            <meta-data
89-->[androidx.profileinstaller:profileinstaller:1.3.1] AndroidManifest.xml:29:13-31:52
90                android:name="androidx.profileinstaller.ProfileInstallerInitializer"
90-->[androidx.profileinstaller:profileinstaller:1.3.1] AndroidManifest.xml:30:17-85
91                android:value="androidx.startup" />
91-->[androidx.profileinstaller:profileinstaller:1.3.1] AndroidManifest.xml:31:17-49
92        </provider>
93
94        <activity
94-->[com.journeyapps:zxing-android-embedded:4.3.0] AndroidManifest.xml:47:9-53:63
95            android:name="com.journeyapps.barcodescanner.CaptureActivity"
95-->[com.journeyapps:zxing-android-embedded:4.3.0] AndroidManifest.xml:48:13-74
96            android:clearTaskOnLaunch="true"
96-->[com.journeyapps:zxing-android-embedded:4.3.0] AndroidManifest.xml:49:13-45
97            android:screenOrientation="sensorLandscape"
97-->[com.journeyapps:zxing-android-embedded:4.3.0] AndroidManifest.xml:50:13-56
98            android:stateNotNeeded="true"
98-->[com.journeyapps:zxing-android-embedded:4.3.0] AndroidManifest.xml:51:13-42
99            android:theme="@style/zxing_CaptureTheme"
99-->[com.journeyapps:zxing-android-embedded:4.3.0] AndroidManifest.xml:52:13-54
100            android:windowSoftInputMode="stateAlwaysHidden" />
100-->[com.journeyapps:zxing-android-embedded:4.3.0] AndroidManifest.xml:53:13-60
101
102        <receiver
102-->[androidx.profileinstaller:profileinstaller:1.3.1] AndroidManifest.xml:34:9-52:20
103            android:name="androidx.profileinstaller.ProfileInstallReceiver"
103-->[androidx.profileinstaller:profileinstaller:1.3.1] AndroidManifest.xml:35:13-76
104            android:directBootAware="false"
104-->[androidx.profileinstaller:profileinstaller:1.3.1] AndroidManifest.xml:36:13-44
105            android:enabled="true"
105-->[androidx.profileinstaller:profileinstaller:1.3.1] AndroidManifest.xml:37:13-35
106            android:exported="true"
106-->[androidx.profileinstaller:profileinstaller:1.3.1] AndroidManifest.xml:38:13-36
107            android:permission="android.permission.DUMP" >
107-->[androidx.profileinstaller:profileinstaller:1.3.1] AndroidManifest.xml:39:13-57
108            <intent-filter>
108-->[androidx.profileinstaller:profileinstaller:1.3.1] AndroidManifest.xml:40:13-42:29
109                <action android:name="androidx.profileinstaller.action.INSTALL_PROFILE" />
109-->[androidx.profileinstaller:profileinstaller:1.3.1] AndroidManifest.xml:41:17-91
109-->[androidx.profileinstaller:profileinstaller:1.3.1] AndroidManifest.xml:41:25-88
110            </intent-filter>
111            <intent-filter>
111-->[androidx.profileinstaller:profileinstaller:1.3.1] AndroidManifest.xml:43:13-45:29
112                <action android:name="androidx.profileinstaller.action.SKIP_FILE" />
112-->[androidx.profileinstaller:profileinstaller:1.3.1] AndroidManifest.xml:44:17-85
112-->[androidx.profileinstaller:profileinstaller:1.3.1] AndroidManifest.xml:44:25-82
113            </intent-filter>
114            <intent-filter>
114-->[androidx.profileinstaller:profileinstaller:1.3.1] AndroidManifest.xml:46:13-48:29
115                <action android:name="androidx.profileinstaller.action.SAVE_PROFILE" />
115-->[androidx.profileinstaller:profileinstaller:1.3.1] AndroidManifest.xml:47:17-88
115-->[androidx.profileinstaller:profileinstaller:1.3.1] AndroidManifest.xml:47:25-85
116            </intent-filter>
117            <intent-filter>
117-->[androidx.profileinstaller:profileinstaller:1.3.1] AndroidManifest.xml:49:13-51:29
118                <action android:name="androidx.profileinstaller.action.BENCHMARK_OPERATION" />
118-->[androidx.profileinstaller:profileinstaller:1.3.1] AndroidManifest.xml:50:17-95
118-->[androidx.profileinstaller:profileinstaller:1.3.1] AndroidManifest.xml:50:25-92
119            </intent-filter>
120        </receiver>
121    </application>
122
123</manifest>